

  Data for ANEOS number  -1   library number    0  type 99     ver 09/30/13

  QUARTZ MELOSH 2007                                      RHUG=-1.00000D+00
                                                          THUG=-1.00000D+00

  IN( 1)= 2.000000000D+00  IN(16)= 0.000000000D+00  IN(31)= 0.000000000D+00
  IN( 2)= 4.000000000D+00  IN(17)= 0.000000000D+00  IN(32)= 5.000000000D-01
  IN( 3)= 2.650000000D+00  IN(18)= 3.500000000D+00  IN(33)= 0.000000000D+00
  IN( 4)= 2.980000000D+02  IN(19)= 4.300000000D+00  IN(34)= 0.000000000D+00
  IN( 5)= 1.000000000D+06  IN(20)= 2.100000000D+11  IN(35)= 0.000000000D+00
  IN( 6)=-3.680000000D+05  IN(21)= 1.800000000D+12  IN(36)= 2.000000000D+00
  IN( 7)= 6.180000000D-01  IN(22)= 6.000000000D+12  IN(37)= 5.000000000D+00
  IN( 8)=-6.500000000D+02  IN(23)= 0.000000000D+00  IN(38)= 2.000000000D+00
  IN( 9)= 2.120000000D+00  IN(24)= 0.000000000D+00  IN(39)= 1.500000000D-08
  IN(10)= 2.000000000D+00  IN(25)= 0.000000000D+00  IN(40)= 1.000000000D+00
  IN(11)= 1.237000000D+11  IN(26)= 0.000000000D+00  IN(41)= 2.000000000D+03
  IN(12)= 1.996000000D+03  IN(27)= 0.000000000D+00  IN(42)= 1.000000000D+00
  IN(13)= 0.000000000D+00  IN(28)= 0.000000000D+00  IN(43)= 1.700000000D+00
  IN(14)= 0.000000000D+00  IN(29)= 0.000000000D+00  IN(44)= 1.000000000D+00
  IN(15)= 0.000000000D+00  IN(30)= 0.000000000D+00  IN(45)= 0.000000000D+00

  N0= 0.30071D+23 Mean atomic weight= 0.20030D+02
  Z( 1)=  8.  number fraction( 1)= 6.66670D-01  atoms/gram( 1)= 2.00472D+22
  Z( 2)= 14.  number fraction( 2)= 3.33330D-01  atoms/gram( 2)= 1.00235D+22

  HUGONIOT INPUT DATA YIELDS B0 =    3.551177D+11 TGAMMA =    7.146781D+00


NEW: Cv adjust, QCC1, QCC6=   0.100000D+01   0.000000D+00   0.000000D+00


  Zero-temperature isotherm has been modified for a solid-solid phase transition

  PCRITICAL= 2.100325D+11          PCTR(INPUT)= 2.100000D+11
  DPDETA(ETA1)= 1.054359D+12       DPDETA(ETA2)= 1.800000D+12
  D2PDETA2(ETA1)= 2.852756D+12     D2PDETA2(ETA2)= 6.000000D+12
  EC(ETA1)= 6.937636D+09           EC(ETA2)= 1.810215D+10
  TGAMSTAR= 3.731864D+00           TGAM= 7.146781D+00



  REFERENCE POINT CONDITIONS

  T=   2.567717D-02      RHO=    2.650000D+00      P=   1.000000D+06
  E=   1.397112D+09      DPDT=   1.740899D+11      CV=  1.081771D+11
  S=   8.314474D+10      DPDR=   1.340067D+11      B0=  3.551177D+11
  CS=  3.674657D+05      GAMMA=  6.072850D-01


  TWO-PHASE CALCULATION FOR MATERIAL     1

  CRITICAL POINT
  RHO=  6.8953916D-01       T=  5.3541051D-01         P=  4.4350795D+09
  E=  1.1417897D+11         S=  5.8691385D+11         NTY=   14


  TWO-PHASE BOUNDARIES
       T         RHOLIQ        RHOVAP        PLIQ         PVAP        ELIQ         EVAP         SLIQ         SVAP        GLIQ         GVAP         PSILIQ      PSIVAP         NTY
       K         kg/m**3       kg/m**3       GPa          GPa         J/kg         J/kg        J/kg-K       J/kg-K       J/kg         J/kg

  6.21378D+03  6.89539D+02  6.89539D+02  4.43508D-01  4.43508D-01  1.14179D+07  1.14179D+07  5.05744D+03  5.05744D+03 -1.93629D+07 -1.93629D+07  6.27497D-01  6.27497D-01      0
  6.14349D+03  8.91834D+02  4.94643D+02  4.08562D-01  4.08562D-01  1.03009D+07  1.25388D+07  4.85405D+03  5.27821D+03 -1.90600D+07 -1.90600D+07  2.96847D-01  7.38259D-01     12
  6.07319D+03  9.84826D+02  4.25370D+02  3.76037D-01  3.76037D-01  9.80410D+06  1.29448D+07  4.76595D+03  5.36581D+03 -1.87569D+07 -1.87569D+07  2.53765D-01  9.29812D-01     10
  6.00289D+03  1.05628D+03  3.73767D+02  3.45202D-01  3.45202D-01  9.42679D+06  1.32514D+07  4.69939D+03  5.43596D+03 -1.84547D+07 -1.84547D+07  2.26823D-01  1.13315D+00     10
  5.93260D+03  1.11705D+03  3.31905D+02  3.16027D-01  3.16027D-01  9.10885D+06  1.35025D+07  4.64328D+03  5.49673D+03 -1.81534D+07 -1.81534D+07  2.07141D-01  1.35904D+00      9
  5.86230D+03  1.17102D+03  2.96464D+02  2.88482D-01  2.88482D-01  8.82848D+06  1.37167D+07  4.59365D+03  5.55151D+03 -1.78530D+07 -1.78530D+07  1.91682D-01  1.61569D+00      9
  5.79200D+03  1.22017D+03  2.65688D+02  2.62534D-01  2.62534D-01  8.57476D+06  1.39038D+07  4.54850D+03  5.60208D+03 -1.75535D+07 -1.75535D+07  1.79002D-01  1.91148D+00      9
  5.72171D+03  1.26562D+03  2.38515D+02  2.38151D-01  2.38151D-01  8.34122D+06  1.40697D+07  4.50667D+03  5.64955D+03 -1.72550D+07 -1.72550D+07  1.68290D-01  2.25601D+00      8
  5.65141D+03  1.30814D+03  2.14247D+02  2.15297D-01  2.15297D-01  8.12369D+06  1.42185D+07  4.46741D+03  5.69463D+03 -1.69574D+07 -1.69574D+07  1.59046D-01  2.66092D+00      8
  5.58111D+03  1.34823D+03  1.92398D+02  1.93936D-01  1.93936D-01  7.91927D+06  1.43528D+07  4.43020D+03  5.73785D+03 -1.66609D+07 -1.66609D+07  1.50937D-01  3.14064D+00      8
  5.51082D+03  1.38626D+03  1.72610D+02  1.74032D-01  1.74032D-01  7.72584D+06  1.44747D+07  4.39466D+03  5.77957D+03 -1.63654D+07 -1.63654D+07  1.43730D-01  3.71344D+00      8
  5.44052D+03  1.42252D+03  1.54616D+02  1.55543D-01  1.55543D-01  7.54181D+06  1.45857D+07  4.36051D+03  5.82010D+03 -1.60709D+07 -1.60709D+07  1.37256D-01  4.40267D+00      7
  5.37023D+03  1.45723D+03  1.38207D+02  1.38429D-01  1.38429D-01  7.36592D+06  1.46869D+07  4.32752D+03  5.85968D+03 -1.57775D+07 -1.57775D+07  1.31390D-01  5.23853D+00      7
  5.29993D+03  1.49056D+03  1.23218D+02  1.22646D-01  1.22646D-01  7.19718D+06  1.47793D+07  4.29553D+03  5.89851D+03 -1.54852D+07 -1.54852D+07  1.26033D-01  6.26044D+00      7
  5.22963D+03  1.52264D+03  1.09516D+02  1.08150D-01  1.08150D-01  7.03479D+06  1.48636D+07  4.26438D+03  5.93675D+03 -1.51940D+07 -1.51940D+07  1.21111D-01  7.52036D+00      7
  5.15934D+03  1.55360D+03  9.69917D+01  9.48929D-02  9.48929D-02  6.87809D+06  1.49405D+07  4.23396D+03  5.97455D+03 -1.49040D+07 -1.49040D+07  1.16561D-01  9.08743D+00      7
  5.08904D+03  1.58354D+03  8.55543D+01  8.28249D-02  8.28249D-02  6.72650D+06  1.50105D+07  4.20418D+03  6.01204D+03 -1.46152D+07 -1.46152D+07  1.12336D-01  1.10546D+01      7
  5.01874D+03  1.61252D+03  7.51271D+01  7.18942D-02  7.18942D-02  6.57956D+06  1.50738D+07  4.17493D+03  6.04935D+03 -1.43276D+07 -1.43276D+07  1.08394D-01  1.35478D+01      6
  4.94845D+03  1.64063D+03  6.56443D+01  6.20466D-02  6.20466D-02  6.43686D+06  1.51310D+07  4.14616D+03  6.08658D+03 -1.40412D+07 -1.40412D+07  1.04701D-01  1.67397D+01      6
  4.87815D+03  1.66792D+03  5.70483D+01  5.32253D-02  5.32253D-02  6.29805D+06  1.51822D+07  4.11780D+03  6.12383D+03 -1.37561D+07 -1.37561D+07  1.01231D-01  2.08693D+01      6
  4.80785D+03  1.69443D+03  4.92875D+01  4.53716D-02  4.53716D-02  6.16281D+06  1.52276D+07  4.08978D+03  6.16120D+03 -1.34723D+07 -1.34723D+07  9.79575D-02  2.62707D+01      6
  4.73756D+03  1.72023D+03  4.23145D+01  3.84245D-02  3.84245D-02  6.03088D+06  1.52673D+07  4.06206D+03  6.19877D+03 -1.31899D+07 -1.31899D+07  9.48618D-02  3.34152D+01      6
  4.66726D+03  1.74533D+03  3.60845D+01  3.23215D-02  3.23215D-02  5.90201D+06  1.53016D+07  4.03459D+03  6.23662D+03 -1.29089D+07 -1.29089D+07  9.19257D-02  4.29754D+01      6
  4.59697D+03  1.76979D+03  3.05540D+01  2.69984D-02  2.69984D-02  5.77598D+06  1.53305D+07  4.00734D+03  6.27482D+03 -1.26293D+07 -1.26293D+07  8.91340D-02  5.59199D+01      6
  4.52667D+03  1.79363D+03  2.56793D+01  2.23905D-02  2.23904D-02  5.65260D+06  1.53541D+07  3.98025D+03  6.31344D+03 -1.23512D+07 -1.23512D+07  8.64733D-02  7.36584D+01      5
  4.45637D+03  1.81687D+03  2.14163D+01  1.84326D-02  1.84326D-02  5.53170D+06  1.53724D+07  3.95330D+03  6.35252D+03 -1.20745D+07 -1.20745D+07  8.39320D-02  9.82624D+01      5
  4.38608D+03  1.83955D+03  1.77194D+01  1.50604D-02  1.50604D-02  5.41310D+06  1.53854D+07  3.92645D+03  6.39214D+03 -1.17994D+07 -1.17994D+07  8.14997D-02  1.32808D+02      5
  4.31578D+03  1.86169D+03  1.45419D+01  1.22108D-02  1.22108D-02  5.29668D+06  1.53933D+07  3.89968D+03  6.43233D+03 -1.15259D+07 -1.15259D+07  7.91672D-02  1.81912D+02      5
  4.24548D+03  1.88331D+03  1.18358D+01  9.82278D-03  9.82278D-03  5.18228D+06  1.53960D+07  3.87293D+03  6.47313D+03 -1.12540D+07 -1.12540D+07  7.69263D-02  2.52575D+02      5
  4.17519D+03  1.90443D+03  9.55299D+00  7.83860D-03  7.83860D-03  5.06978D+06  1.53938D+07  3.84620D+03  6.51460D+03 -1.09838D+07 -1.09838D+07  7.47697D-02  3.55531D+02      5
  4.10489D+03  1.92507D+03  7.64550D+00  6.20403D-03  6.20403D-03  4.95906D+06  1.53866D+07  3.81945D+03  6.55678D+03 -1.07152D+07 -1.07152D+07  7.26907D-02  5.07439D+02      5
  4.03459D+03  1.94525D+03  6.06680D+00  4.86905D-03  4.86905D-03  4.85003D+06  1.53747D+07  3.79265D+03  6.59973D+03 -1.04484D+07 -1.04484D+07  7.06834D-02  7.34459D+02      5
  3.96430D+03  1.96498D+03  4.77255D+00  3.78824D-03  3.78824D-03  4.74256D+06  1.53583D+07  3.76577D+03  6.64351D+03 -1.01833D+07 -1.01833D+07  6.87424D-02  1.07822D+03      5
  3.89400D+03  1.98429D+03  3.72144D+00  2.92093D-03  2.92093D-03  4.63657D+06  1.53375D+07  3.73879D+03  6.68821D+03 -9.91998D+06 -9.91998D+06  6.68627D-02  1.60587D+03      5
  3.82371D+03  2.00320D+03  2.87574D+00  2.23624D-03  2.23120D-03  4.53197D+06  1.53127D+07  3.71168D+03  6.73392D+03 -9.65847D+06 -9.65847D+06  6.50398D-02  2.42732D+03      4
  3.75341D+03  2.02171D+03  2.20160D+00  1.69109D-03  1.68773D-03  4.42868D+06  1.52840D+07  3.68441D+03  6.78073D+03 -9.39879D+06 -9.39879D+06  6.32698D-02  3.72529D+03      4
  3.68311D+03  2.03985D+03  1.66923D+00  1.26581D-03  1.26358D-03  4.32662D+06  1.52518D+07  3.65696D+03  6.82879D+03 -9.14098D+06 -9.14098D+06  6.15489D-02  5.80860D+03      4
  3.61282D+03  2.05762D+03  1.25282D+00  9.37300D-04  9.35826D-04  4.22571D+06  1.52163D+07  3.62930D+03  6.87822D+03 -8.88506D+06 -8.88506D+06  5.98736D-02  9.20841D+03      4
  3.54252D+03  2.07505D+03  9.30284D-01  6.86142D-04  6.85176D-04  4.12588D+06  1.51777D+07  3.60139D+03  6.92918D+03 -8.63105D+06 -8.63105D+06  5.82408D-02  1.48556D+04      4
  3.47222D+03  2.09215D+03  6.82987D-01  4.95578D-04  4.95578D-04  4.02708D+06  1.51365D+07  3.57322D+03  6.98184D+03 -8.37898D+06 -8.37898D+06  5.66478D-02  2.44149D+04      5
  3.40193D+03  2.10893D+03  4.95405D-01  3.53821D-04  3.53821D-04  3.92924D+06  1.50928D+07  3.54475D+03  7.03640D+03 -8.12888D+06 -8.12888D+06  5.50918D-02  4.09262D+04      5
  3.33163D+03  2.12541D+03  3.54722D-01  2.49394D-04  2.49132D-04  3.83231D+06  1.50470D+07  3.51596D+03  7.09305D+03 -7.88077D+06 -7.88077D+06  5.35704D-02  7.00711D+04      4
  3.26133D+03  2.14159D+03  2.58732D-01  1.75812D-04  1.75811D-04  3.73623D+06  1.49869D+07  3.48681D+03  7.14508D+03 -7.63468D+06 -7.63468D+06  5.20815D-02  1.16329D+05      6
  3.19104D+03  2.15749D+03  1.78468D-01  1.19511D-04  1.19511D-04  3.64096D+06  1.49409D+07  3.45728D+03  7.20846D+03 -7.39065D+06 -7.39065D+06  5.06228D-02  2.11752D+05      6
  3.15637D+03  2.16520D+03  1.50316D-01  1.00000D-04  1.00000D-04  3.59435D+06  1.49170D+07  3.44251D+03  7.24090D+03 -7.27133D+06 -7.27133D+06  4.99176D-02  3.01838D+05      0
  3.12074D+03  2.17313D+03  1.21382D-01  7.99467D-05  7.99467D-05  3.54645D+06  1.48924D+07  3.42733D+03  7.27425D+03 -7.14869D+06 -7.14869D+06  4.91927D-02  3.94427D+05      6
  3.05045D+03  2.18850D+03  8.12597D-02  5.25492D-05  5.25492D-05  3.45267D+06  1.48420D+07  3.39693D+03  7.34281D+03 -6.90886D+06 -6.90886D+06  4.77892D-02  7.53971D+05      6
  2.98015D+03  2.20362D+03  5.34505D-02  3.38856D-05  3.38856D-05  3.35956D+06  1.47900D+07  3.36605D+03  7.41454D+03 -6.67117D+06 -6.67117D+06  4.64107D-02  1.48342D+06      7
  2.90985D+03  2.21850D+03  3.44813D-02  2.13999D-05  2.13999D-05  3.26709D+06  1.47367D+07  3.33465D+03  7.48983D+03 -6.43567D+06 -6.43567D+06  4.50557D-02  3.01309D+06      8
  2.83956D+03  2.23314D+03  2.17735D-02  1.32120D-05  1.32119D-05  3.17524D+06  1.46825D+07  3.30269D+03  7.56910D+03 -6.20239D+06 -6.20239D+06  4.37229D-02  6.33848D+06      7
  2.76926D+03  2.24757D+03  1.34306D-02  7.95850D-06  7.95850D-06  3.08396D+06  1.46274D+07  3.27014D+03  7.65278D+03 -5.97138D+06 -5.97138D+06  4.24107D-02  1.38566D+07      8
  2.69896D+03  2.26178D+03  8.07471D-03  4.66746D-06  4.66746D-06  2.99323D+06  1.45716D+07  3.23695D+03  7.74132D+03 -5.74268D+06 -5.74268D+06  4.11181D-02  3.15939D+07      7
  2.66382D+03  2.26880D+03  6.19651D-03  3.53621D-06  3.53621D-06  2.94806D+06  1.45436D+07  3.22011D+03  7.78758D+03 -5.62921D+06 -5.62921D+06  4.04788D-02  4.85241D+07      7
  2.62867D+03  2.27578D+03  4.72050D-03  2.65892D-06  2.65892D-06  2.90302D+06  1.45154D+07  3.20308D+03  7.83523D+03 -5.51633D+06 -5.51633D+06  3.98438D-02  7.54278D+07      7
  2.59352D+03  2.28270D+03  3.56868D-03  1.98354D-06  1.98354D-06  2.85810D+06  1.44872D+07  3.18588D+03  7.88437D+03 -5.40406D+06 -5.40406D+06  3.92132D-02  1.18730D+08      9
  2.55837D+03  2.28957D+03  2.67642D-03  1.46757D-06  1.46757D-06  2.81330D+06  1.44589D+07  3.16849D+03  7.93504D+03 -5.29239D+06 -5.29240D+06  3.85868D-02  1.89364D+08      5
  2.52322D+03  2.29640D+03  1.99054D-03  1.07651D-06  1.07651D-06  2.76862D+06  1.44305D+07  3.15090D+03  7.98734D+03 -5.18134D+06 -5.18134D+06  3.79644D-02  3.06195D+08      8
  2.48807D+03  2.30318D+03  1.46755D-03  7.82596D-07  7.82596D-07  2.72405D+06  1.44021D+07  3.13311D+03  8.04133D+03 -5.07091D+06 -5.07091D+06  3.73460D-02  5.02269D+08      8
  2.45293D+03  2.30991D+03  1.07213D-03  5.63614D-07  5.63614D-07  2.67960D+06  1.43736D+07  3.11512D+03  8.09711D+03 -4.96111D+06 -4.96111D+06  3.67313D-02  8.36373D+08      7
  2.41778D+03  2.31659D+03  7.75793D-04  4.01947D-07  4.01947D-07  2.63525D+06  1.43452D+07  3.09691D+03  8.15475D+03 -4.85195D+06 -4.85195D+06  3.61204D-02  1.41478D+09     10
  2.38263D+03  2.32323D+03  5.55776D-04  2.83729D-07  2.83729D-07  2.59101D+06  1.43167D+07  3.07847D+03  8.21434D+03 -4.74343D+06 -4.74343D+06  3.55130D-02  2.43291D+09     10
  2.34748D+03  2.32982D+03  3.94007D-04  1.98145D-07  1.98145D-07  2.54687D+06  1.42881D+07  3.05981D+03  8.27599D+03 -4.63556D+06 -4.63556D+06  3.49091D-02  4.25644D+09      9
  2.31233D+03  2.33637D+03  2.76277D-04  1.36833D-07  1.36833D-07  2.50284D+06  1.42596D+07  3.04091D+03  8.33979D+03 -4.52835D+06 -4.52835D+06  3.43085D-02  7.58235D+09      9
  2.27719D+03  2.34288D+03  1.91509D-04  9.33892D-08  9.33892D-08  2.45891D+06  1.42311D+07  3.02176D+03  8.40585D+03 -4.42181D+06 -4.42181D+06  3.37112D-02  1.37651D+10      9
  2.24204D+03  2.34934D+03  1.31160D-04  6.29587D-08  6.29587D-08  2.41507D+06  1.42026D+07  3.00236D+03  8.47428D+03 -4.31594D+06 -4.31594D+06  3.31171D-02  2.54899D+10      8
  2.20689D+03  2.35576D+03  8.86990D-05  4.18996D-08  4.18996D-08  2.37133D+06  1.41741D+07  2.98269D+03  8.54521D+03 -4.21077D+06 -4.21077D+06  3.25259D-02  4.81944D+10     10
  2.17174D+03  2.36214D+03  5.91931D-05  2.75096D-08  2.75096D-08  2.32768D+06  1.41456D+07  2.96276D+03  8.61876D+03 -4.10629D+06 -4.10629D+06  3.19378D-02  9.31362D+10     10
  2.13659D+03  2.36848D+03  3.89554D-05  1.78068D-08  1.78068D-08  2.28412D+06  1.41171D+07  2.94253D+03  8.69507D+03 -4.00251D+06 -4.00251D+06  3.13525D-02  1.84166D+11     11
  2.10144D+03  2.37478D+03  2.52637D-05  1.13553D-08  1.13553D-08  2.24065D+06  1.40887D+07  2.92202D+03  8.77429D+03 -3.89945D+06 -3.89945D+06  3.07700D-02  3.73067D+11     10
  2.06630D+03  2.38103D+03  1.61335D-05  7.12836D-09  7.12836D-09  2.19727D+06  1.40603D+07  2.90120D+03  8.85656D+03 -3.79712D+06 -3.79712D+06  3.01901D-02  7.75168D+11     11
  2.03115D+03  2.38725D+03  1.01370D-05  4.40153D-09  4.40153D-09  2.15397D+06  1.40319D+07  2.88006D+03  8.94206D+03 -3.69553D+06 -3.69553D+06  2.96128D-02  1.65432D+12     11
  1.99600D+03  2.39343D+03  6.26126D-06  2.67089D-09  2.67089D-09  2.11076D+06  1.40035D+07  2.85860D+03  9.03097D+03 -3.59468D+06 -3.59468D+06  2.90380D-02  3.63148D+12     12
  1.92947D+03  2.40503D+03  2.39201D-06  9.85849D-10  9.85848D-10  2.02918D+06  1.39499D+07  2.81703D+03  9.20927D+03 -3.40587D+06 -3.40587D+06  2.79566D-02  1.74739D+13     12
  1.86293D+03  2.41648D+03  8.50579D-07  3.38299D-10  3.38297D-10  1.94789D+06  1.38965D+07  2.77416D+03  9.40190D+03 -3.21988D+06 -3.21988D+06  2.68832D-02  9.46335D+13     10
  1.79640D+03  2.42781D+03  2.79263D-07  1.07045D-10  1.07048D-10  1.86688D+06  1.38432D+07  2.72987D+03  9.61052D+03 -3.03678D+06 -3.03678D+06  2.58174D-02  5.84581D+14     13
  1.72987D+03  2.43902D+03  8.38705D-08  3.09390D-11  3.09433D-11  1.78613D+06  1.37901D+07  2.68407D+03  9.83703D+03 -2.85668D+06 -2.85668D+06  2.47587D-02  1.00000+100     13
  1.66333D+03  2.45010D+03  2.27934D-08  8.07993D-12  8.08194D-12  1.70565D+06  1.37373D+07  2.63662D+03  1.00837D+04 -2.67968D+06 -2.67968D+06  2.37067D-02  1.00000+100     13
  1.59680D+03  2.46105D+03  5.53505D-09  1.88593D-12  1.88316D-12  1.62542D+06  1.36847D+07  2.58739D+03  1.03530D+04 -2.50589D+06 -2.50589D+06  2.26607D-02  1.00000+100     11
  1.53027D+03  2.47189D+03  1.18332D-09  3.87144D-13  3.85639D-13  1.54544D+06  1.36323D+07  2.53623D+03  1.06482D+04 -2.33544D+06 -2.33544D+06  2.16205D-02  1.00000+100     14
  1.46373D+03  2.48261D+03  2.18841D-10  7.20382D-14  6.81870D-14  1.46571D+06  1.35803D+07  2.48296D+03  1.09728D+04 -2.16847D+06 -2.16847D+06  2.05857D-02  1.00000+100     15
  1.39720D+03  2.49322D+03  3.42858D-11  8.89301D-15  1.01927D-14  1.38623D+06  1.35287D+07  2.42738D+03  1.13313D+04 -2.00511D+06 -2.00511D+06  1.95558D-02  1.00000+100     16
  1.33067D+03  2.50371D+03  4.43755D-12 -2.22921D-15  1.25588D-15  1.30700D+06  1.34776D+07  2.36928D+03  1.17287D+04 -1.84554D+06 -1.84554D+06  1.85305D-02  1.00000+100     15
  1.26413D+03  2.51410D+03  4.60249D-13  5.34058D-15  1.23695D-16  1.22802D+06  1.34269D+07  2.30839D+03  1.21716D+04 -1.68992D+06 -1.68992D+06  1.75096D-02  1.00000+100     18
  1.19760D+03  2.52437D+03  3.68540D-14 -1.80006D-15  9.38006D-18  1.14930D+06  1.33769D+07  2.24441D+03  1.26676D+04 -1.53846D+06 -1.53846D+06  1.64928D-02  1.00000+100     14
  1.13107D+03  2.53453D+03  2.17577D-15  1.66893D-16  5.22844D-19  1.07084D+06  1.33277D+07  2.17701D+03  1.32267D+04 -1.39136D+06 -1.39136D+06  1.54800D-02  1.00000+100     20
  1.06453D+03  2.54459D+03  8.94019D-17  6.49691D-15  2.02144D-20  9.92672D+05  1.32794D+07  2.10578D+03  1.38608D+04 -1.24887D+06 -1.24887D+06  1.44709D-02  1.00000+100     21
  9.98000D+02  2.55453D+03  2.37656D-18 -6.07967D-16  5.03671D-22  9.14807D+05  1.32323D+07  2.03025D+03  1.45855D+04 -1.11126D+06 -1.11126D+06  1.34657D-02  1.00000+100     21
  9.31467D+02  2.56436D+03  3.72023D-20  5.01871D-15  7.35794D-24  8.37278D+05  1.31867D+07  1.94985D+03  1.54210D+04 -9.78836D+05 -9.78836D+05  1.24645D-02  1.00000+100     24
  8.64933D+02  2.57408D+03  3.03210D-22  1.46627D-15  5.56863D-26  7.60125D+05  1.31430D+07  1.86391D+03  1.63937D+04 -8.51939D+05 -8.51939D+05  1.14675D-02  1.00000+100     21
  7.98400D+02  2.58368D+03  1.09172D-24 -1.53184D-15  1.85108D-28  6.83406D+05  1.31019D+07  1.77161D+03  1.75391D+04 -7.30967D+05 -7.30967D+05  1.04752D-02  1.00000+100     27
  7.31867D+02  2.59316D+03  1.38759D-27 -5.11408D-15  2.15755D-31  6.07200D+05  1.30643D+07  1.67195D+03  1.89063D+04 -6.16374D+05 -6.16374D+05  9.48842D-03  1.00000+100     30
  6.65333D+02  2.60249D+03  4.54684D-31  2.65837D-15  6.43182D-35  5.31621D+05  1.30316D+07  1.56368D+03  2.05649D+04 -5.08689D+05 -5.08689D+05  8.50833D-03  1.00000+100     34
  5.98800D+02  2.61168D+03  2.43852D-35 -6.01709D-15  3.10844D-39  4.56830D+05  1.30063D+07  1.44525D+03  2.26171D+04 -4.08537D+05 -4.08537D+05  7.53657D-03  1.00000+100     37
  5.32267D+02  2.62068D+03  1.05206D-40 -3.20077D-15  1.16224D-44  3.83071D+05  1.26561D+07  1.31469D+03  2.45816D+04 -3.16654D+05 -3.16654D+05  6.57548D-03  1.00000+100     41
  4.65733D+02  2.62946D+03  1.31691D-47  4.41074D-15  1.27297D-51  3.10717D+05  1.26174D+07  1.16951D+03  2.78029D+04 -2.33929D+05 -2.33929D+05  5.62824D-03  1.00000+100     45
  3.99200D+02  2.63794D+03  7.78429D-57 -1.55270D-15  6.44964D-61  2.40368D+05  1.25799D+07  1.00658D+03  3.21266D+04 -1.61434D+05 -1.61434D+05  4.69910D-03  1.00000+100     57
  3.32667D+02  2.64601D+03  8.59865D-70  4.20660D-15  5.93698D-74  1.73039D+05  1.25436D+07  8.22219D+02  3.82197D+04 -1.00470D+05 -1.01009D+05  3.79356D-03  1.00000+100     71
  2.66133D+02  2.65346D+03  2.89337D-89  2.74926D-15  1.59819D-93  1.10556D+05  1.25083D+07  6.13033D+02  4.74081D+04 -5.25831D+04 -5.25948D+04  2.91850D-03  1.00000+100     87
  1.99600D+02  2.65988D+03  8.66758-122 -7.15256D-16  3.59074-126  5.63740D+04  1.24736D+07  3.79873D+02  6.28020D+04 -1.94441D+04 -1.95450D+04  2.08222D-03  1.00000+100    117


  DATA ARRAY FOR MATERIAL   1

  C( 1) = 1.312612135D+00  C(31) = 1.000000000D+00  C(61) = 0.000000000D+00
  C( 2) = 1.612637766D+00  C(32) = 1.616954447D+13  C(62) = 5.000000000D-01
  C( 3) = 3.659904356D+11  C(33) = 2.705124027D+00  C(63) = 1.000000000D+00
  C( 4) = 4.134784303D+11  C(34) = 1.308309862D+13  C(64) = 0.000000000D+00
  C( 5) = 2.585150007D+00  C(35) =-3.123619856D+13  C(65) = 0.000000000D+00
  C( 6) = 1.700000000D+00  C(36) = 1.923422852D+13  C(66) = 2.000000000D+00
  C( 7) = 2.100324728D+11  C(37) = 2.454824963D+13  C(67) = 5.000000000D+00
  C( 8) = 6.937635756D+09  C(38) =-1.478950934D+13  C(68) = 2.000000000D+00
  C( 9) =-3.122326075D+12  C(39) = 1.613203665D+13  C(69) = 1.500000000D-08
  C(10) = 1.237000000D+11  C(40) =-5.580466091D+11  C(70) = 1.000000000D+00
  C(11) = 2.650000000D+00  C(41) = 0.000000000D+00  C(71) = 1.000000000D+00
  C(12) = 2.567717075D-02  C(42) = 1.000000000D-01  C(72) = 0.000000000D+00
  C(13) = 8.608032953D-05  C(43) = 0.000000000D+00  C(73) = 5.354105125D-01
  C(14) =-2.752023455D-02  C(44) = 0.000000000D+00  C(74) = 6.895391554D-01
  C(15) = 6.180000000D-01  C(45) = 0.000000000D+00  C(75) = 0.000000000D+00
  C(16) =-3.360626557D-02  C(46) = 0.000000000D+00  C(76) = 0.000000000D+00
  C(17) =-5.509433962D-02  C(47) = 2.393431647D+00  C(77) = 0.000000000D+00
  C(18) = 1.719853451D-01  C(48) = 0.000000000D+00  C(78) = 2.567700655D+00
  C(19) = 2.666438857D+00  C(49) = 0.000000000D+00  C(79) = 4.591217318D+01
  C(20) = 1.000000000D+06  C(50) = 0.000000000D+00  C(80) = 5.000000000D+00
  C(21) = 3.551176781D+11  C(51) = 0.000000000D+00  C(81) = 5.000000000D-01
  C(22) = 0.000000000D+00  C(52) = 0.000000000D+00  C(82) = 1.000000000D+00
  C(23) = 2.120000000D+00  C(53) = 0.000000000D+00  C(83) = 1.700000000D+00
  C(24) = 6.666666667D-01  C(54) = 0.000000000D+00  C(84) = 1.000000000D+00
  C(25) =-5.600725165D-02  C(55) = 0.000000000D+00  C(85) = 1.723300051D-01
  C(26) = 9.999980000D+00  C(56) = 0.000000000D+00  C(86) = 2.000000000D+00
  C(27) = 3.007071951D+22  C(57) = 3.000000000D-01  C(87) = 1.000000000D+00
  C(28) = 2.000000000D+00  C(58) = 1.000000000D-01  C(88) = 1.000000000D+00
  C(29) = 2.002995970D+01  C(59) = 2.000000000D-01  C(89) = 0.000000000D+00
  C(30) = 4.000000000D+00  C(60) = 0.000000000D+00  C(90) = 0.000000000D+00

  LOCKP( 1)=   1    LOCKPL( 1)=  99  (two-phase array storage data)


   ZERO-TEMPERATURE ISOTHERM

        RHO          P         DPDR          E          ETA          GIBBS
      kg/m**3       GPa	    (m/sec)**2     J/kg                     J/kg

    2.6500D+03 -2.2336D-01  1.3449D+07  2.6123D+02  9.9383D-01 -8.4024D+04
    2.7160D+03  7.0454D-01  1.4720D+07  2.3679D+03  1.0186D+00  2.6177D+05
    2.7820D+03  1.7233D+00  1.6175D+07  1.2866D+04  1.0433D+00  6.3231D+05
    2.8480D+03  2.8428D+00  1.7772D+07  3.1774D+04  1.0681D+00  1.0300D+06
    2.9140D+03  4.0722D+00  1.9502D+07  5.9158D+04  1.0928D+00  1.4566D+06
    2.9800D+03  5.4198D+00  2.1355D+07  9.5113D+04  1.1176D+00  1.9138D+06
    3.0460D+03  6.8936D+00  2.3326D+07  1.3976D+05  1.1423D+00  2.4029D+06
    3.1120D+03  8.5012D+00  2.5406D+07  1.9324D+05  1.1671D+00  2.9250D+06
    3.1780D+03  1.0249D+01  2.7589D+07  2.5568D+05  1.1919D+00  3.4808D+06
    3.2440D+03  1.2145D+01  2.9870D+07  3.2724D+05  1.2166D+00  4.0711D+06
    3.3100D+03  1.4194D+01  3.2242D+07  4.0807D+05  1.2414D+00  4.6964D+06
    3.3760D+03  1.6403D+01  3.4702D+07  4.9830D+05  1.2661D+00  5.3570D+06
    3.4420D+03  1.8777D+01  3.7244D+07  5.9809D+05  1.2909D+00  6.0533D+06
    3.5080D+03  2.1003D+01 -7.8965D-06  7.0745D+05  1.3156D+00  6.6947D+06
    3.5740D+03  2.1003D+01 -4.0892D-05  8.1801D+05  1.3404D+00  6.6947D+06
    3.6400D+03  2.1003D+01 -7.1428D-05  9.2457D+05  1.3651D+00  6.6947D+06
    3.7060D+03  2.1003D+01 -9.9725D-05  1.0273D+06  1.3899D+00  6.6947D+06
    3.7720D+03  2.1003D+01 -1.2598D-04  1.1265D+06  1.4146D+00  6.6947D+06
    3.8380D+03  2.1003D+01 -1.5037D-04  1.2222D+06  1.4394D+00  6.6947D+06
    3.9040D+03  2.1003D+01 -1.7304D-04  1.3148D+06  1.4641D+00  6.6947D+06
    3.9700D+03  2.1003D+01 -1.9415D-04  1.4042D+06  1.4889D+00  6.6947D+06
    4.0360D+03  2.1003D+01 -2.1382D-04  1.4907D+06  1.5136D+00  6.6947D+06
    4.1020D+03  2.1003D+01 -2.3215D-04  1.5744D+06  1.5384D+00  6.6947D+06
    4.1680D+03  2.1003D+01 -2.4926D-04  1.6555D+06  1.5631D+00  6.6947D+06
    4.2340D+03  2.1003D+01 -2.6523D-04  1.7341D+06  1.5879D+00  6.6947D+06
    4.3000D+03  2.1003D+01 -2.8016D-04  1.8102D+06  1.6126D+00  6.6947D+06
    4.3660D+03  2.5642D+01  7.3062D+07  1.8921D+06  1.6374D+00  7.7652D+06
    4.4320D+03  3.0647D+01  7.8592D+07  1.9879D+06  1.6621D+00  8.9028D+06
    4.4980D+03  3.6016D+01  8.4097D+07  2.0981D+06  1.6869D+00  1.0105D+07
    4.5640D+03  4.1747D+01  8.9579D+07  2.2230D+06  1.7116D+00  1.1370D+07
    4.6300D+03  4.7840D+01  9.5037D+07  2.3627D+06  1.7364D+00  1.2695D+07
    4.6960D+03  5.4292D+01  1.0047D+08  2.5176D+06  1.7612D+00  1.4079D+07
    4.7620D+03  6.1102D+01  1.0589D+08  2.6878D+06  1.7859D+00  1.5519D+07
    4.8280D+03  6.8268D+01  1.1128D+08  2.8733D+06  1.8107D+00  1.7013D+07
    4.8940D+03  7.5790D+01  1.1666D+08  3.0744D+06  1.8354D+00  1.8561D+07
    4.9600D+03  8.3667D+01  1.2201D+08  3.2910D+06  1.8602D+00  2.0159D+07
    5.0260D+03  9.1896D+01  1.2735D+08  3.5233D+06  1.8849D+00  2.1807D+07
    5.0920D+03  1.0048D+02  1.3267D+08  3.7712D+06  1.9097D+00  2.3503D+07
    5.1580D+03  1.0941D+02  1.3797D+08  4.0348D+06  1.9344D+00  2.5246D+07
    5.2240D+03  1.1869D+02  1.4326D+08  4.3141D+06  1.9592D+00  2.7034D+07
    5.2900D+03  1.2832D+02  1.4853D+08  4.6089D+06  1.9839D+00  2.8866D+07
    5.3560D+03  1.3830D+02  1.5379D+08  4.9193D+06  2.0087D+00  3.0740D+07
    5.4220D+03  1.4862D+02  1.5903D+08  5.2452D+06  2.0334D+00  3.2655D+07
    5.4880D+03  1.5929D+02  1.6426D+08  5.5866D+06  2.0582D+00  3.4611D+07
    5.5540D+03  1.7030D+02  1.6947D+08  5.9433D+06  2.0829D+00  3.6606D+07
    5.6200D+03  1.8166D+02  1.7467D+08  6.3153D+06  2.1077D+00  3.8639D+07
    5.6860D+03  1.9336D+02  1.7986D+08  6.7025D+06  2.1324D+00  4.0708D+07
    5.7520D+03  2.0540D+02  1.8504D+08  7.1047D+06  2.1572D+00  4.2814D+07
    5.8180D+03  2.1778D+02  1.9020D+08  7.5219D+06  2.1819D+00  4.4954D+07
    5.8840D+03  2.3050D+02  1.9535D+08  7.9540D+06  2.2067D+00  4.7129D+07


   ZERO-TEMPERATURE ISOTHERM

        RHO          P         DPDR          E          ETA       GAMMA      T(PSI=1)     THETA       GIBBS
      kg/m**3       GPa	    (m/sec)**2     J/kg                                K           K          J/kg

    2.6500D+04  1.9377D+04  1.6245D+09  4.5273D+08  1.0000D+01  6.0180D-01  2.5913D+06 -2.2044D+03  1.1839D+09
    2.4168D+04  1.5766D+04  1.4723D+09  3.8907D+08  9.1201D+00  5.9625D-01  2.3929D+06 -2.0861D+03  1.0414D+09
    2.2042D+04  1.2784D+04  1.3319D+09  3.3236D+08  8.3176D+00  5.9030D-01  2.2121D+06 -1.9752D+03  9.1237D+08
    2.0102D+04  1.0326D+04  1.2025D+09  2.8204D+08  7.5858D+00  5.8395D-01  2.0472D+06 -1.8712D+03  7.9573D+08
    1.8334D+04  8.3047D+03  1.0833D+09  2.3756D+08  6.9183D+00  5.7720D-01  1.8969D+06 -1.7738D+03  6.9054D+08
    1.6720D+04  6.6457D+03  9.7344D+08  1.9844D+08  6.3096D+00  5.7004D-01  1.7599D+06 -1.6825D+03  5.9590D+08
    1.5249D+04  5.2879D+03  8.7227D+08  1.6420D+08  5.7544D+00  5.6249D-01  1.6350D+06 -1.5970D+03  5.1096D+08
    1.3907D+04  4.1799D+03  7.7913D+08  1.3442D+08  5.2481D+00  5.5457D-01  1.5211D+06 -1.5169D+03  4.3497D+08
    1.2684D+04  3.2788D+03  6.9337D+08  1.0871D+08  4.7863D+00  5.4631D-01  1.4173D+06 -1.4419D+03  3.6722D+08
    1.1568D+04  2.5490D+03  6.1441D+08  8.6685D+07  4.3652D+00  5.3778D-01  1.3226D+06 -1.3717D+03  3.0704D+08
    1.0550D+04  1.9606D+03  5.4169D+08  6.8005D+07  3.9811D+00  5.2905D-01  1.2362D+06 -1.3059D+03  2.5385D+08
    9.6216D+03  1.4888D+03  4.7472D+08  5.2347D+07  3.6308D+00  5.2022D-01  1.1573D+06 -1.2443D+03  2.0708D+08
    8.7750D+03  1.1130D+03  4.1298D+08  3.9404D+07  3.3113D+00  5.1144D-01  1.0852D+06 -1.1866D+03  1.6624D+08
    8.0029D+03  8.1606D+02  3.5605D+08  2.8889D+07  3.0200D+00  5.0290D-01  1.0193D+06 -1.1324D+03  1.3086D+08
    7.2987D+03  5.8381D+02  3.0348D+08  2.0531D+07  2.7542D+00  4.9483D-01  9.5876D+05 -1.0816D+03  1.0052D+08
    6.6565D+03  4.0449D+02  2.5488D+08  1.4070D+07  2.5119D+00  4.8755D-01  9.0314D+05 -1.0337D+03  7.4836D+07
    6.0708D+03  2.6835D+02  2.0987D+08  9.2561D+06  2.2909D+00  4.8144D-01  8.5180D+05 -9.8864D+02  5.3460D+07
    5.5366D+03  1.6737D+02  1.6810D+08  5.8480D+06  2.0893D+00  4.7701D-01  8.0417D+05 -9.4597D+02  3.6077D+07
    5.0495D+03  9.4906D+01  1.2924D+08  3.6097D+06  1.9055D+00  4.7487D-01  7.5967D+05 -9.0541D+02  2.2405D+07
    4.6052D+03  4.5505D+01  9.2986D+07  2.3084D+06  1.7378D+00  4.7579D-01  7.1772D+05 -8.6665D+02  1.2190D+07
    4.2000D+03  2.1003D+01 -2.5713D-04  1.6939D+06  1.5849D+00  4.8073D-01  6.7773D+05 -8.2934D+02  6.6947D+06
    3.8304D+03  2.1003D+01 -1.4765D-04  1.2114D+06  1.4454D+00  4.9086D-01  6.3909D+05 -7.9308D+02  6.6947D+06
    3.4934D+03  2.0742D+01  3.9276D+07  6.8246D+05  1.3183D+00  5.0766D-01  6.0118D+05 -7.5748D+02  6.6200D+06
    3.1860D+03  1.0471D+01  2.7860D+07  2.6386D+05  1.2023D+00  5.3290D-01  5.6335D+05 -7.2209D+02  3.5505D+06
    2.9057D+03  3.9105D+00  1.9276D+07  5.5228D+04  1.0965D+00  5.6878D-01  5.2496D+05 -6.8643D+02  1.4011D+06
    2.6500D+03 -2.2339D-01  1.3449D+07  2.6132D+02  1.0000D+00  6.1800D-01  4.8539D+05 -6.5000D+02 -8.4039D+04
    2.4168D+03 -2.9151D+00  9.6951D+06  6.1549D+04  9.1201D-01  6.7055D-01  4.4445D+05 -6.1251D+02 -1.1446D+06
    2.2042D+03 -4.6395D+00  6.5718D+06  2.1560D+05  8.3176D-01  7.1529D-01  4.0334D+05 -5.7461D+02 -1.8893D+06
    2.0102D+03 -5.6591D+00  3.9855D+06  4.4350D+05  7.5858D-01  7.5344D-01  3.6326D+05 -5.3700D+02 -2.3717D+06
    1.8333D+03 -6.1724D+00  1.8563D+06  7.2930D+05  6.9183D-01  7.8604D-01  3.2504D+05 -5.0023D+02 -2.6374D+06
    1.6720D+03 -6.3288D+00  1.1546D+05  1.0596D+06  6.3096D-01  8.1393D-01  2.8923D+05 -4.6468D+02 -2.7255D+06
    1.5249D+03 -6.2399D+00 -1.2960D+06  1.4231D+06  5.7544D-01  8.3784D-01  2.5614D+05 -4.3064D+02 -2.6688D+06
    1.3907D+03 -5.9883D+00 -2.4285D+06  1.8105D+06  5.2481D-01  8.5838D-01  2.2592D+05 -3.9827D+02 -2.4953D+06
    1.2684D+03 -5.6349D+00 -3.3255D+06  2.2139D+06  4.7863D-01  8.7606D-01  1.9856D+05 -3.6769D+02 -2.2287D+06
    1.1568D+03 -5.2237D+00 -4.0240D+06  2.6269D+06  4.3652D-01  8.9130D-01  1.7398D+05 -3.3894D+02 -1.8889D+06
    1.0550D+03 -4.7862D+00 -4.5558D+06  3.0442D+06  3.9811D-01  9.0447D-01  1.5205D+05 -3.1203D+02 -1.4926D+06
    9.6216D+02 -4.3444D+00 -4.9481D+06  3.4613D+06  3.6308D-01  9.1588D-01  1.3259D+05 -2.8694D+02 -1.0539D+06
    8.7750D+02 -3.9132D+00 -5.2239D+06  3.8748D+06  3.3113D-01  9.2578D-01  1.1539D+05 -2.6360D+02 -5.8467D+05
    8.0029D+02 -3.5025D+00 -5.4031D+06  4.2820D+06  3.0199D-01  9.3439D-01  1.0025D+05 -2.4196D+02 -9.4600D+04
    7.2987D+02 -3.1182D+00 -5.5024D+06  4.6804D+06  2.7542D-01  9.4189D-01  8.6968D+04 -2.2193D+02  4.0817D+05
    6.6565D+02 -2.7634D+00 -5.5362D+06  5.0684D+06  2.5119D-01  9.4844D-01  7.5348D+04 -2.0343D+02  9.1698D+05
    6.0708D+02 -2.4395D+00 -5.5167D+06  5.4447D+06  2.2909D-01  9.5417D-01  6.5207D+04 -1.8636D+02  1.4263D+06
    5.5366D+02 -2.1463D+00 -5.4540D+06  5.8084D+06  2.0893D-01  9.5919D-01  5.6376D+04 -1.7064D+02  1.9319D+06
    5.0495D+02 -1.8828D+00 -5.3570D+06  6.1586D+06  1.9055D-01  9.6361D-01  4.8698D+04 -1.5618D+02  2.4300D+06
    4.6052D+02 -1.6474D+00 -5.2330D+06  6.4951D+06  1.7378D-01  9.6750D-01  4.2033D+04 -1.4289D+02  2.9178D+06
    4.2000D+02 -1.4382D+00 -5.0881D+06  6.8175D+06  1.5849D-01  9.7093D-01  3.6257D+04 -1.3069D+02  3.3933D+06
    3.8304D+02 -1.2530D+00 -4.9276D+06  7.1259D+06  1.4454D-01  9.7397D-01  3.1255D+04 -1.1949D+02  3.8546D+06
    3.4934D+02 -1.0898D+00 -4.7557D+06  7.4202D+06  1.3183D-01  9.7665D-01  2.6930D+04 -1.0922D+02  4.3006D+06
    3.1860D+02 -9.4629D-01 -4.5762D+06  7.7006D+06  1.2023D-01  9.7904D-01  2.3192D+04 -9.9816D+01  4.7304D+06
    2.9057D+02 -8.2054D-01 -4.3919D+06  7.9674D+06  1.0965D-01  9.8115D-01  1.9964D+04 -9.1201D+01  5.1435D+06
    2.6500D+02 -7.1060D-01 -4.2053D+06  8.2209D+06  1.0000D-01  9.8304D-01  1.7180D+04 -8.3313D+01  5.5394D+06
    2.4168D+02 -6.1469D-01 -4.0184D+06  8.4615D+06  9.1201D-02  9.8472D-01  1.4779D+04 -7.6095D+01  5.9181D+06
    2.2042D+02 -5.3118D-01 -3.8330D+06  8.6895D+06  8.3176D-02  9.8622D-01  1.2710D+04 -6.9492D+01  6.2796D+06
    2.0102D+02 -4.5859D-01 -3.6502D+06  8.9055D+06  7.5858D-02  9.8757D-01  1.0927D+04 -6.3454D+01  6.6242D+06
    1.8333D+02 -3.9559D-01 -3.4712D+06  9.1099D+06  6.9183D-02  9.8877D-01  9.3928D+03 -5.7934D+01  6.9522D+06
    1.6720D+02 -3.4099D-01 -3.2967D+06  9.3032D+06  6.3096D-02  9.8985D-01  8.0721D+03 -5.2889D+01  7.2638D+06
    1.5249D+02 -2.9372D-01 -3.1273D+06  9.4857D+06  5.7544D-02  9.9082D-01  6.9357D+03 -4.8278D+01  7.5596D+06
    1.3907D+02 -2.5285D-01 -2.9636D+06  9.6581D+06  5.2481D-02  9.9169D-01  5.9583D+03 -4.4065D+01  7.8400D+06
    1.2684D+02 -2.1754D-01 -2.8058D+06  9.8208D+06  4.7863D-02  9.9247D-01  5.1179D+03 -4.0217D+01  8.1057D+06
    1.1568D+02 -1.8707D-01 -2.6542D+06  9.9742D+06  4.3651D-02  9.9318D-01  4.3954D+03 -3.6703D+01  8.3571D+06
    1.0550D+02 -1.6078D-01 -2.5088D+06  1.0119D+07  3.9811D-02  9.9381D-01  3.7744D+03 -3.3493D+01  8.5948D+06
    9.6215D+01 -1.3814D-01 -2.3698D+06  1.0255D+07  3.6308D-02  9.9439D-01  3.2408D+03 -3.0563D+01  8.8194D+06
    8.7750D+01 -1.1863D-01 -2.2370D+06  1.0383D+07  3.3113D-02  9.9491D-01  2.7824D+03 -2.7888D+01  9.0315D+06
    8.0029D+01 -1.0184D-01 -2.1105D+06  1.0504D+07  3.0199D-02  9.9538D-01  2.3886D+03 -2.5445D+01  9.2317D+06
    7.2987D+01 -8.7404D-02 -1.9900D+06  1.0618D+07  2.7542D-02  9.9580D-01  2.0503D+03 -2.3216D+01  9.4205D+06
    6.6565D+01 -7.4989D-02 -1.8756D+06  1.0725D+07  2.5119D-02  9.9618D-01  1.7599D+03 -2.1181D+01  9.5984D+06
    6.0708D+01 -6.4320D-02 -1.7670D+06  1.0826D+07  2.2909D-02  9.9653D-01  1.5104D+03 -1.9324D+01  9.7662D+06
    5.5366D+01 -5.5154D-02 -1.6640D+06  1.0920D+07  2.0893D-02  9.9685D-01  1.2963D+03 -1.7629D+01  9.9241D+06
    5.0495D+01 -4.7284D-02 -1.5664D+06  1.1009D+07  1.9055D-02  9.9713D-01  1.1124D+03 -1.6082D+01  1.0073D+07
    4.6052D+01 -4.0529D-02 -1.4741D+06  1.1093D+07  1.7378D-02  9.9739D-01  9.5461D+02 -1.4671D+01  1.0213D+07
    4.2000D+01 -3.4732D-02 -1.3868D+06  1.1171D+07  1.5849D-02  9.9763D-01  8.1914D+02 -1.3383D+01  1.0345D+07
    3.8304D+01 -2.9758D-02 -1.3043D+06  1.1245D+07  1.4454D-02  9.9784D-01  7.0286D+02 -1.2208D+01  1.0468D+07
    3.4934D+01 -2.5493D-02 -1.2264D+06  1.1315D+07  1.3183D-02  9.9803D-01  6.0307D+02 -1.1136D+01  1.0585D+07
    3.1860D+01 -2.1836D-02 -1.1528D+06  1.1380D+07  1.2023D-02  9.9821D-01  5.1743D+02 -1.0158D+01  1.0694D+07
    2.9057D+01 -1.8701D-02 -1.0835D+06  1.1441D+07  1.0965D-02  9.9837D-01  4.4394D+02 -9.2654D+00  1.0797D+07
    2.6500D+01 -1.6014D-02 -1.0181D+06  1.1498D+07  1.0000D-02  9.9852D-01  3.8087D+02 -8.4514D+00  1.0894D+07
    2.4168D+01 -1.3711D-02 -9.5651D+05  1.1552D+07  9.1201D-03  9.9865D-01  3.2676D+02 -7.7087D+00  1.0985D+07
    2.2042D+01 -1.1738D-02 -8.9849D+05  1.1603D+07  8.3176D-03  9.9877D-01  2.8033D+02 -7.0313D+00  1.1070D+07
    2.0102D+01 -1.0049D-02 -8.4386D+05  1.1651D+07  7.5858D-03  9.9888D-01  2.4049D+02 -6.4133D+00  1.1151D+07
    1.8333D+01 -8.6013D-03 -7.9244D+05  1.1695D+07  6.9183D-03  9.9898D-01  2.0631D+02 -5.8496D+00  1.1226D+07
    1.6720D+01 -7.3617D-03 -7.4406D+05  1.1737D+07  6.3096D-03  9.9907D-01  1.7698D+02 -5.3354D+00  1.1297D+07
    1.5249D+01 -6.3004D-03 -6.9855D+05  1.1776D+07  5.7544D-03  9.9915D-01  1.5182D+02 -4.8663D+00  1.1363D+07
    1.3907D+01 -5.3917D-03 -6.5576D+05  1.1813D+07  5.2481D-03  9.9923D-01  1.3023D+02 -4.4385D+00  1.1426D+07
    1.2684D+01 -4.6137D-03 -6.1552D+05  1.1848D+07  4.7863D-03  9.9930D-01  1.1172D+02 -4.0482D+00  1.1484D+07
    1.1568D+01 -3.9478D-03 -5.7770D+05  1.1880D+07  4.3651D-03  9.9936D-01  9.5830D+01 -3.6922D+00  1.1539D+07
    1.0550D+01 -3.3778D-03 -5.4216D+05  1.1911D+07  3.9811D-03  9.9942D-01  8.2203D+01 -3.3675D+00  1.1591D+07
    9.6215D+00 -2.8899D-03 -5.0877D+05  1.1939D+07  3.6308D-03  9.9947D-01  7.0512D+01 -3.0714D+00  1.1639D+07
    8.7749D+00 -2.4724D-03 -4.7740D+05  1.1966D+07  3.3113D-03  9.9951D-01  6.0484D+01 -2.8013D+00  1.1684D+07
    8.0028D+00 -2.1151D-03 -4.4793D+05  1.1991D+07  3.0199D-03  9.9956D-01  5.1881D+01 -2.5549D+00  1.1727D+07
    7.2987D+00 -1.8094D-03 -4.2026D+05  1.2015D+07  2.7542D-03  9.9960D-01  4.4502D+01 -2.3302D+00  1.1767D+07
    6.6565D+00 -1.5478D-03 -3.9427D+05  1.2037D+07  2.5119D-03  9.9963D-01  3.8172D+01 -2.1252D+00  1.1804D+07
    6.0708D+00 -1.3240D-03 -3.6987D+05  1.2058D+07  2.2909D-03  9.9966D-01  3.2742D+01 -1.9383D+00  1.1840D+07
    5.5366D+00 -1.1325D-03 -3.4697D+05  1.2077D+07  2.0893D-03  9.9969D-01  2.8084D+01 -1.7678D+00  1.1873D+07
    5.0495D+00 -9.6871D-04 -3.2547D+05  1.2095D+07  1.9055D-03  9.9972D-01  2.4089D+01 -1.6123D+00  1.1903D+07
    4.6052D+00 -8.2856D-04 -3.0529D+05  1.2112D+07  1.7378D-03  9.9975D-01  2.0662D+01 -1.4705D+00  1.1933D+07
    4.1999D+00 -7.0867D-04 -2.8635D+05  1.2129D+07  1.5849D-03  9.9977D-01  1.7722D+01 -1.3411D+00  1.1960D+07
    3.8304D+00 -6.0612D-04 -2.6858D+05  1.2144D+07  1.4454D-03  9.9979D-01  1.5201D+01 -1.2231D+00  1.1985D+07
    3.4934D+00 -5.1840D-04 -2.5190D+05  1.2158D+07  1.3183D-03  9.9981D-01  1.3038D+01 -1.1155D+00  1.2009D+07
    3.1860D+00 -4.4336D-04 -2.3625D+05  1.2171D+07  1.2023D-03  9.9982D-01  1.1183D+01 -1.0174D+00  1.2032D+07
    2.9057D+00 -3.7918D-04 -2.2157D+05  1.2183D+07  1.0965D-03  9.9984D-01  9.5922D+00 -9.2789D-01  1.2053D+07
    2.6500D+00 -3.2429D-04 -2.0779D+05  1.2195D+07  1.0000D-03  9.9985D-01  8.2274D+00 -8.4626D-01  1.2073D+07


   HUGONIOT

      RHO          T           P          PC           E           S           V           U       RHO/RHOO  #IT  STATE
    kg/m**3        K          GPa        GPa          J/kg      J/kg-K       km/sec      km/sec

  2.6500D+03  2.9800D+02  1.0000D-04 -2.2336D-01  1.3971D+05  7.1646D+02  3.6747D+00  0.0000D+00  1.0000D+00  0  INITIAL
  2.7047D+03  3.0175D+02  7.6646D-01  5.3987D-01  1.4264D+05  7.1665D+02  3.7807D+00  7.6492D-02  1.0207D+00  3  1 PHASE
  2.7448D+03  3.0465D+02  1.3665D+00  1.1372D+00  1.4862D+05  7.1746D+02  3.8639D+00  1.3344D-01  1.0358D+00  3  1 PHASE
  2.7811D+03  3.0755D+02  1.9415D+00  1.7092D+00  1.5698D+05  7.1913D+02  3.9418D+00  1.8585D-01  1.0495D+00  3  1 PHASE
  2.8134D+03  3.1045D+02  2.4784D+00  2.2429D+00  1.6687D+05  7.2167D+02  4.0127D+00  2.3306D-01  1.0617D+00  3  1 PHASE
  2.8420D+03  3.1335D+02  2.9752D+00  2.7362D+00  1.7763D+05  7.2496D+02  4.0767D+00  2.7538D-01  1.0724D+00  3  1 PHASE
  2.8674D+03  3.1625D+02  3.4349D+00  3.1923D+00  1.8885D+05  7.2885D+02  4.1347D+00  3.1348D-01  1.0820D+00  3  1 PHASE
  2.8902D+03  3.1916D+02  3.8622D+00  3.6159D+00  2.0028D+05  7.3323D+02  4.1875D+00  3.4803D-01  1.0906D+00  3  1 PHASE
  2.9109D+03  3.2206D+02  4.2616D+00  4.0114D+00  2.1178D+05  7.3798D+02  4.2360D+00  3.7963D-01  1.0984D+00  3  1 PHASE
  2.9298D+03  3.2496D+02  4.6371D+00  4.3829D+00  2.2326D+05  7.4303D+02  4.2807D+00  4.0877D-01  1.1056D+00  3  1 PHASE
  2.9472D+03  3.2786D+02  4.9921D+00  4.7338D+00  2.3468D+05  7.4832D+02  4.3224D+00  4.3582D-01  1.1121D+00  3  1 PHASE
  2.9633D+03  3.3076D+02  5.3293D+00  5.0669D+00  2.4602D+05  7.5380D+02  4.3614D+00  4.6110D-01  1.1182D+00  3  1 PHASE
  3.0418D+03  3.4817D+02  7.0836D+00  6.7955D+00  3.1186D+05  7.8913D+02  4.5556D+00  5.8676D-01  1.1478D+00  4  1 PHASE
  3.1345D+03  3.7718D+02  9.4151D+00  9.0814D+00  4.1430D+05  8.5134D+02  4.7942D+00  7.4106D-01  1.1828D+00  4  1 PHASE
  3.2041D+03  4.0620D+02  1.1362D+01  1.0981D+01  5.1044D+05  9.1346D+02  4.9793D+00  8.6107D-01  1.2091D+00  3  1 PHASE
  3.2609D+03  4.3521D+02  1.3087D+01  1.2656D+01  6.0233D+05  9.7399D+02  5.1342D+00  9.6188D-01  1.2305D+00  3  1 PHASE
  3.3096D+03  4.6423D+02  1.4664D+01  1.4181D+01  6.9111D+05  1.0324D+03  5.2692D+00  1.0501D+00  1.2489D+00  3  1 PHASE
  3.3910D+03  5.2225D+02  1.7516D+01  1.6928D+01  8.6189D+05  1.1427D+03  5.4998D+00  1.2018D+00  1.2796D+00  3  1 PHASE
  3.4585D+03  5.8028D+02  2.0094D+01  1.9396D+01  1.0260D+06  1.2444D+03  5.6953D+00  1.3314D+00  1.3051D+00  3  1 PHASE
  4.4415D+03  8.1239D+02  3.2701D+01  3.1393D+01  2.6284D+06  1.4804D+03  5.5312D+00  2.2310D+00  1.6760D+00  6  1 PHASE
  4.4616D+03  9.2845D+02  3.4589D+01  3.3008D+01  2.7896D+06  1.6266D+03  5.6697D+00  2.3021D+00  1.6836D+00  2  1 PHASE
  4.4813D+03  1.0445D+03  3.6482D+01  3.4624D+01  2.9527D+06  1.7564D+03  5.8042D+00  2.3719D+00  1.6911D+00  2  1 PHASE
  4.5006D+03  1.1606D+03  3.8376D+01  3.6237D+01  3.1171D+06  1.8731D+03  5.9345D+00  2.4402D+00  1.6984D+00  2  1 PHASE
  4.5380D+03  1.3927D+03  4.2151D+01  3.9445D+01  3.4485D+06  2.0756D+03  6.1832D+00  2.5725D+00  1.7124D+00  3  1 PHASE
  4.5737D+03  1.6248D+03  4.5900D+01  4.2619D+01  3.7822D+06  2.2470D+03  6.4172D+00  2.6991D+00  1.7259D+00  3  1 PHASE
  4.6079D+03  1.8569D+03  4.9617D+01  4.5756D+01  4.1175D+06  2.3954D+03  6.6382D+00  2.8205D+00  1.7388D+00  3  1 PHASE
  4.6406D+03  2.0890D+03  5.3301D+01  4.8853D+01  4.4536D+06  2.5259D+03  6.8476D+00  2.9373D+00  1.7512D+00  3  1 PHASE
  4.6721D+03  2.3211D+03  5.6950D+01  5.1911D+01  4.7903D+06  2.6425D+03  7.0466D+00  3.0498D+00  1.7630D+00  3  1 PHASE
  4.7458D+03  2.9014D+03  6.5932D+01  5.9396D+01  5.6334D+06  2.8883D+03  7.5060D+00  3.3147D+00  1.7909D+00  3  1 PHASE
  4.8136D+03  3.4817D+03  7.4730D+01  6.6671D+01  6.4773D+06  3.0880D+03  7.9209D+00  3.5602D+00  1.8164D+00  3  1 PHASE
  4.8766D+03  4.0620D+03  8.3374D+01  7.3770D+01  7.3222D+06  3.2561D+03  8.3010D+00  3.7901D+00  1.8402D+00  3  1 PHASE
  4.9357D+03  4.6423D+03  9.1892D+01  8.0722D+01  8.1689D+06  3.4014D+03  8.6533D+00  4.0073D+00  1.8625D+00  3  1 PHASE
  4.9915D+03  5.2225D+03  1.0031D+02  8.7553D+01  9.0183D+06  3.5296D+03  8.9830D+00  4.2139D+00  1.8836D+00  3  1 PHASE
  5.0446D+03  5.8028D+03  1.0866D+02  9.4284D+01  9.8714D+06  3.6445D+03  9.2939D+00  4.4117D+00  1.9036D+00  3  1 PHASE
  5.0954D+03  6.3831D+03  1.1694D+02  1.0093D+02  1.0729D+07  3.7486D+03  9.5888D+00  4.6019D+00  1.9228D+00  3  1 PHASE
  5.1441D+03  6.9634D+03  1.2516D+02  1.0750D+02  1.1590D+07  3.8439D+03  9.8700D+00  4.7854D+00  1.9412D+00  3  1 PHASE
  5.1910D+03  7.5437D+03  1.3335D+02  1.1400D+02  1.2455D+07  3.9318D+03  1.0139D+01  4.9630D+00  1.9589D+00  3  1 PHASE
  5.2361D+03  8.1239D+03  1.4149D+02  1.2043D+02  1.3325D+07  4.0133D+03  1.0397D+01  5.1352D+00  1.9759D+00  3  1 PHASE
  5.2797D+03  8.7042D+03  1.4959D+02  1.2680D+02  1.4198D+07  4.0894D+03  1.0646D+01  5.3024D+00  1.9924D+00  3  1 PHASE
  5.3219D+03  9.2845D+03  1.5765D+02  1.3310D+02  1.5073D+07  4.1607D+03  1.0885D+01  5.4651D+00  2.0083D+00  3  1 PHASE
  5.3628D+03  9.8648D+03  1.6567D+02  1.3935D+02  1.5952D+07  4.2277D+03  1.1117D+01  5.6236D+00  2.0237D+00  3  1 PHASE
  5.4025D+03  1.0445D+04  1.7366D+02  1.4553D+02  1.6833D+07  4.2909D+03  1.1341D+01  5.7781D+00  2.0387D+00  3  1 PHASE
  5.4410D+03  1.1025D+04  1.8161D+02  1.5165D+02  1.7716D+07  4.3507D+03  1.1559D+01  5.9290D+00  2.0532D+00  3  1 PHASE
  5.4784D+03  1.1606D+04  1.8952D+02  1.5772D+02  1.8602D+07  4.4074D+03  1.1770D+01  6.0765D+00  2.0673D+00  3  1 PHASE
  5.5504D+03  1.2766D+04  2.0526D+02  1.6968D+02  2.0377D+07  4.5127D+03  1.2175D+01  6.3620D+00  2.0945D+00  3  1 PHASE
  5.6188D+03  1.3927D+04  2.2088D+02  1.8144D+02  2.2159D+07  4.6088D+03  1.2560D+01  6.6362D+00  2.1203D+00  3  1 PHASE
  5.6841D+03  1.5087D+04  2.3639D+02  1.9302D+02  2.3948D+07  4.6970D+03  1.2927D+01  6.9005D+00  2.1449D+00  3  1 PHASE
  5.7467D+03  1.6248D+04  2.5183D+02  2.0442D+02  2.5744D+07  4.7786D+03  1.3280D+01  7.1560D+00  2.1686D+00  3  1 PHASE
  5.8069D+03  1.7408D+04  2.6719D+02  2.1567D+02  2.7547D+07  4.8545D+03  1.3619D+01  7.4037D+00  2.1913D+00  3  1 PHASE
  5.9210D+03  1.9730D+04  2.9778D+02  2.3778D+02  3.1179D+07  4.9920D+03  1.4262D+01  7.8790D+00  2.2343D+00  3  1 PHASE
  6.0794D+03  2.3211D+04  3.4350D+02  2.7015D+02  3.6700D+07  5.1709D+03  1.5159D+01  8.5510D+00  2.2941D+00  3  1 PHASE
  6.3177D+03  2.9014D+04  4.1975D+02  3.2252D+02  4.6117D+07  5.4179D+03  1.6518D+01  9.5893D+00  2.3840D+00  3  1 PHASE
  6.5317D+03  3.4817D+04  4.9640D+02  3.7326D+02  5.5801D+07  5.6224D+03  1.7754D+01  1.0551D+01  2.4648D+00  3  1 PHASE
  6.9043D+03  4.6423D+04  6.5079D+02  4.6998D+02  7.5801D+07  5.9535D+03  1.9964D+01  1.2301D+01  2.6054D+00  3  1 PHASE
  7.2187D+03  5.8028D+04  8.0543D+02  5.5979D+02  9.6320D+07  6.2200D+03  2.1914D+01  1.3869D+01  2.7241D+00  3  1 PHASE
  7.4875D+03  6.9634D+04  9.5918D+02  6.4244D+02  1.1707D+08  6.4456D+03  2.3669D+01  1.5292D+01  2.8255D+00  3  1 PHASE
  7.7196D+03  8.1239D+04  1.1115D+03  7.1819D+02  1.3786D+08  6.6427D+03  2.5272D+01  1.6596D+01  2.9131D+00  3  1 PHASE
  7.9221D+03  9.2845D+04  1.2620D+03  7.8756D+02  1.5860D+08  6.8182D+03  2.6751D+01  1.7802D+01  2.9895D+00  3  1 PHASE
  8.1005D+03  1.0445D+05  1.4108D+03  8.5117D+02  1.7925D+08  6.9770D+03  2.8129D+01  1.8927D+01  3.0568D+00  3  1 PHASE
  8.2588D+03  1.1606D+05  1.5579D+03  9.0961D+02  1.9977D+08  7.1221D+03  2.9422D+01  1.9981D+01  3.1165D+00  3  1 PHASE


 EOS package call numbers
        ANEOS number =      -1        ALL 
 Calls to
 ANEOS                      402       402
 ANEOS1                     402       402
 ANION2                    2158      2158
 ANEOS1 from ANEOSV         402       402
 ANEOS1/ANEOSV        1.000E+00 1.000E+00
 ANION2 iter. count   6.585E-01 6.585E-01
 Calls to eos tables =         0
